Compiling build :client to "resources/public/js/client.js" from ["src" "../../src"]...
[31mFailed to compile build :client from ["src" "../../src"] in 1.692 seconds.[0m
[36m----  Could not Read  src/todomvc/events.cljs   line:224 ----[0m

  [1m/run/media/andrew/6D3CD7876D7722E4/Home/WorkAndHobby/Programming/reframe/re-frame/examples/todomvc/src/todomvc/events.cljs [line 224, col 1] Unexpected EOF while reading item 13 of list, starting at line 57 and column 1.[0m

[36m----  Reader Error : Please see src/todomvc/events.cljs  ----[0m
Compiling build :client to "resources/public/js/client.js" from ["src" "../../src"]...
[31mFailed to compile build :client from ["src" "../../src"] in 0.947 seconds.[0m
[36m----  Could not Read  src/todomvc/events.cljs   line:224 ----[0m

  [1m/run/media/andrew/6D3CD7876D7722E4/Home/WorkAndHobby/Programming/reframe/re-frame/examples/todomvc/src/todomvc/events.cljs [line 224, col 1] Unexpected EOF while reading item 13 of list, starting at line 57 and column 1.[0m

[36m----  Reader Error : Please see src/todomvc/events.cljs  ----[0m
Compiling build :client to "resources/public/js/client.js" from ["src" "../../src"]...
[31mFailed to compile build :client from ["src" "../../src"] in 1.986 seconds.[0m
[36m----  Could not Read  src/todomvc/events.cljs   line:224 ----[0m

  [1m/run/media/andrew/6D3CD7876D7722E4/Home/WorkAndHobby/Programming/reframe/re-frame/examples/todomvc/src/todomvc/events.cljs [line 224, col 1] Unexpected EOF while reading item 13 of list, starting at line 57 and column 1.[0m

[36m----  Reader Error : Please see src/todomvc/events.cljs  ----[0m
Compiling build :client to "resources/public/js/client.js" from ["src" "../../src"]...
[31mFailed to compile build :client from ["src" "../../src"] in 0.872 seconds.[0m
[36m----  Could not Read  src/todomvc/events.cljs   line:224 ----[0m

  [1m/run/media/andrew/6D3CD7876D7722E4/Home/WorkAndHobby/Programming/reframe/re-frame/examples/todomvc/src/todomvc/events.cljs [line 224, col 1] Unexpected EOF while reading item 13 of list, starting at line 57 and column 1.[0m

[36m----  Reader Error : Please see src/todomvc/events.cljs  ----[0m
Compiling build :client to "resources/public/js/client.js" from ["src" "../../src"]...
[31mFailed to compile build :client from ["src" "../../src"] in 1.667 seconds.[0m
[36m----  Could not Read  src/todomvc/events.cljs   line:224 ----[0m

  [1m/run/media/andrew/6D3CD7876D7722E4/Home/WorkAndHobby/Programming/reframe/re-frame/examples/todomvc/src/todomvc/events.cljs [line 224, col 1] Unexpected EOF while reading item 13 of list, starting at line 57 and column 1.[0m

[36m----  Reader Error : Please see src/todomvc/events.cljs  ----[0m
Compiling build :client to "resources/public/js/client.js" from ["src" "../../src"]...
[31mFailed to compile build :client from ["src" "../../src"] in 1.989 seconds.[0m
[36m----  Could not Read  src/todomvc/events.cljs   line:224 ----[0m

  [1m/run/media/andrew/6D3CD7876D7722E4/Home/WorkAndHobby/Programming/reframe/re-frame/examples/todomvc/src/todomvc/events.cljs [line 224, col 1] Unexpected EOF while reading item 13 of list, starting at line 57 and column 1.[0m

[36m----  Reader Error : Please see src/todomvc/events.cljs  ----[0m
Compiling build :client to "resources/public/js/client.js" from ["src" "../../src"]...
[31mFailed to compile build :client from ["src" "../../src"] in 1.25 seconds.[0m
[36m----  Could not Read  src/todomvc/events.cljs   line:224 ----[0m

  [1m/run/media/andrew/6D3CD7876D7722E4/Home/WorkAndHobby/Programming/reframe/re-frame/examples/todomvc/src/todomvc/events.cljs [line 224, col 1] Unexpected EOF while reading item 13 of list, starting at line 57 and column 1.[0m

[36m----  Reader Error : Please see src/todomvc/events.cljs  ----[0m
Compiling build :client to "resources/public/js/client.js" from ["src" "../../src"]...
[31mFailed to compile build :client from ["src" "../../src"] in 0.783 seconds.[0m
[36m----  Could not Read  src/todomvc/events.cljs   line:224 ----[0m

  [1m/run/media/andrew/6D3CD7876D7722E4/Home/WorkAndHobby/Programming/reframe/re-frame/examples/todomvc/src/todomvc/events.cljs [line 224, col 1] Unexpected EOF while reading item 13 of list, starting at line 57 and column 1.[0m

[36m----  Reader Error : Please see src/todomvc/events.cljs  ----[0m
Compiling build :client to "resources/public/js/client.js" from ["src" "../../src"]...
[32mSuccessfully compiled build :client to "resources/public/js/client.js" in 2.212 seconds.[0m
notifying browser that file changed:  resources/public/js/goog/deps.js
notifying browser that file changed:  resources/public/js/cljs_deps.js
notifying browser that file changed:  resources/public/js/todomvc/events.js
Compiling build :client to "resources/public/js/client.js" from ["src" "../../src"]...
[32mSuccessfully compiled build :client to "resources/public/js/client.js" in 1.934 seconds.[0m
notifying browser that file changed:  resources/public/js/todomvc/events.js
Compiling build :client to "resources/public/js/client.js" from ["src" "../../src"]...
[31mFailed to compile build :client from ["src" "../../src"] in 1.532 seconds.[0m
[36m----  Could not Analyze  src/todomvc/events.cljs  ----[0m

  [1mInvalid :refer, var re-frame.core/before does not exist [0m

[36m----  Analysis Error : Please see src/todomvc/events.cljs  ----[0m
Compiling build :client to "resources/public/js/client.js" from ["src" "../../src"]...
[31mFailed to compile build :client from ["src" "../../src"] in 1.688 seconds.[0m
[36m----  Could not Analyze  src/todomvc/events.cljs  ----[0m

  [1mInvalid :refer, var re-frame.core/before does not exist [0m

[36m----  Analysis Error : Please see src/todomvc/events.cljs  ----[0m
Compiling build :client to "resources/public/js/client.js" from ["src" "../../src"]...
[31mFailed to compile build :client from ["src" "../../src"] in 1.969 seconds.[0m
[36m----  Could not Analyze  src/todomvc/events.cljs  ----[0m

  [1mInvalid :refer, var re-frame.core/before does not exist [0m

[36m----  Analysis Error : Please see src/todomvc/events.cljs  ----[0m
Compiling build :client to "resources/public/js/client.js" from ["src" "../../src"]...
[31mFailed to compile build :client from ["src" "../../src"] in 2.354 seconds.[0m
[36m----  Could not Analyze  src/todomvc/events.cljs  ----[0m

  [1mInvalid :refer, var re-frame.core/before does not exist [0m

[36m----  Analysis Error : Please see src/todomvc/events.cljs  ----[0m
Compiling build :client to "resources/public/js/client.js" from ["src" "../../src"]...
[31mFailed to compile build :client from ["src" "../../src"] in 2.125 seconds.[0m
[36m----  Could not Analyze  src/todomvc/events.cljs  ----[0m

  [1mInvalid :refer, var re-frame.core/before does not exist [0m

[36m----  Analysis Error : Please see src/todomvc/events.cljs  ----[0m
Compiling build :client to "resources/public/js/client.js" from ["src" "../../src"]...
[31mFailed to compile build :client from ["src" "../../src"] in 2.183 seconds.[0m
[36m----  Could not Analyze  src/todomvc/events.cljs  ----[0m

  [1mInvalid :refer, var re-frame.core/before does not exist [0m

[36m----  Analysis Error : Please see src/todomvc/events.cljs  ----[0m
Compiling build :client to "resources/public/js/client.js" from ["src" "../../src"]...
[31mFailed to compile build :client from ["src" "../../src"] in 2.301 seconds.[0m
[36m----  Could not Analyze  src/todomvc/events.cljs  ----[0m

  [1mInvalid :refer, var re-frame.core/before does not exist [0m

[36m----  Analysis Error : Please see src/todomvc/events.cljs  ----[0m
Compiling build :client to "resources/public/js/client.js" from ["src" "../../src"]...
[32mSuccessfully compiled build :client to "resources/public/js/client.js" in 3.369 seconds.[0m
notifying browser that file changed:  resources/public/js/todomvc/events.js
Compiling build :client to "resources/public/js/client.js" from ["src" "../../src"]...
[32mSuccessfully compiled build :client to "resources/public/js/client.js" in 3.474 seconds.[0m
notifying browser that file changed:  resources/public/js/todomvc/events.js
Compiling build :client to "resources/public/js/client.js" from ["src" "../../src"]...
[32mSuccessfully compiled build :client to "resources/public/js/client.js" in 1.756 seconds.[0m
notifying browser that file changed:  resources/public/js/todomvc/events.js
Compiling build :client to "resources/public/js/client.js" from ["src" "../../src"]...
[32mSuccessfully compiled build :client to "resources/public/js/client.js" in 2.446 seconds.[0m
notifying browser that file changed:  resources/public/js/todomvc/events.js
Compiling build :client to "resources/public/js/client.js" from ["src" "../../src"]...
[32mSuccessfully compiled build :client to "resources/public/js/client.js" in 4.231 seconds.[0m
notifying browser that file changed:  resources/public/js/todomvc/events.js
Compiling build :client to "resources/public/js/client.js" from ["src" "../../src"]...
[32mSuccessfully compiled build :client to "resources/public/js/client.js" in 4.109 seconds.[0m
notifying browser that file changed:  resources/public/js/todomvc/events.js
Compiling build :client to "resources/public/js/client.js" from ["src" "../../src"]...
[32mSuccessfully compiled build :client to "resources/public/js/client.js" in 2.445 seconds.[0m
notifying browser that file changed:  resources/public/js/todomvc/events.js
Compiling build :client to "resources/public/js/client.js" from ["src" "../../src"]...
[31mFailed to compile build :client from ["src" "../../src"] in 1.818 seconds.[0m
[36m----  Could not Read  src/todomvc/events.cljs   line:136 ----[0m

  [1m/run/media/andrew/6D3CD7876D7722E4/Home/WorkAndHobby/Programming/reframe/re-frame/examples/todomvc/src/todomvc/events.cljs [line 136, col 38] Unmatched delimiter ).[0m

  [36m134[0m  [36m  
  [36m135[0m  [36m (fn [db [new-filter-kw]     
  [33m136[0m  [1m   (assoc db :showing new-filter-kw)))[0m
  [0m   [0m  [33m   /run/media/andrew/6D3CD7876D7722E4/Home/WorkAndHobby/Programming/reframe/re-frame/examples/todomvc/src/todomvc/events.cljs [line 136, col 38] Unmatched delimiter ).[0m
  [36m137[0m  [36m[0m
  [36m138[0m  [36m
  [36m139[0m  [36m

[36m----  Reader Error : Please see src/todomvc/events.cljs  ----[0m
Compiling build :client to "resources/public/js/client.js" from ["src" "../../src"]...
[32mSuccessfully compiled build :client to "resources/public/js/client.js" in 3.466 seconds.[0m
notifying browser that file changed:  resources/public/js/todomvc/events.js
Compiling build :client to "resources/public/js/client.js" from ["src" "../../src"]...
[32mSuccessfully compiled build :client to "resources/public/js/client.js" in 2.737 seconds.[0m
notifying browser that file changed:  resources/public/js/todomvc/events.js
Compiling build :client to "resources/public/js/client.js" from ["src" "../../src"]...
[32mSuccessfully compiled build :client to "resources/public/js/client.js" in 1.481 seconds.[0m
notifying browser that file changed:  resources/public/js/todomvc/events.js
Compiling build :client to "resources/public/js/client.js" from ["src" "../../src"]...
[32mSuccessfully compiled build :client to "resources/public/js/client.js" in 2.612 seconds.[0m
notifying browser that file changed:  resources/public/js/todomvc/events.js
Compiling build :client to "resources/public/js/client.js" from ["src" "../../src"]...
[32mSuccessfully compiled build :client to "resources/public/js/client.js" in 3.077 seconds.[0m
notifying browser that file changed:  resources/public/js/todomvc/events.js
Compiling build :client to "resources/public/js/client.js" from ["src" "../../src"]...
[32mSuccessfully compiled build :client to "resources/public/js/client.js" in 2.977 seconds.[0m
notifying browser that file changed:  resources/public/js/todomvc/events.js
Compiling build :client to "resources/public/js/client.js" from ["src" "../../src"]...
[32mSuccessfully compiled build :client to "resources/public/js/client.js" in 1.665 seconds.[0m
notifying browser that file changed:  resources/public/js/todomvc/events.js
Compiling build :client to "resources/public/js/client.js" from ["src" "../../src"]...
[32mSuccessfully compiled build :client to "resources/public/js/client.js" in 1.374 seconds.[0m
notifying browser that file changed:  resources/public/js/todomvc/events.js
Compiling build :client to "resources/public/js/client.js" from ["src" "../../src"]...
[32mSuccessfully compiled build :client to "resources/public/js/client.js" in 3.026 seconds.[0m
notifying browser that file changed:  resources/public/js/todomvc/events.js
Compiling build :client to "resources/public/js/client.js" from ["src" "../../src"]...
[32mSuccessfully compiled build :client to "resources/public/js/client.js" in 2.412 seconds.[0m
notifying browser that file changed:  resources/public/js/todomvc/events.js
Compiling build :client to "resources/public/js/client.js" from ["src" "../../src"]...
[32mSuccessfully compiled build :client to "resources/public/js/client.js" in 1.385 seconds.[0m
notifying browser that file changed:  resources/public/js/todomvc/events.js
Compiling build :client to "resources/public/js/client.js" from ["src" "../../src"]...
[32mSuccessfully compiled build :client to "resources/public/js/client.js" in 1.673 seconds.[0m
notifying browser that file changed:  resources/public/js/todomvc/events.js
Compiling build :client to "resources/public/js/client.js" from ["src" "../../src"]...
[32mSuccessfully compiled build :client to "resources/public/js/client.js" in 2.895 seconds.[0m
notifying browser that file changed:  resources/public/js/todomvc/events.js
Compiling build :client to "resources/public/js/client.js" from ["src" "../../src"]...
[32mSuccessfully compiled build :client to "resources/public/js/client.js" in 1.788 seconds.[0m
notifying browser that file changed:  resources/public/js/todomvc/events.js
Compiling build :client to "resources/public/js/client.js" from ["src" "../../src"]...
[32mSuccessfully compiled build :client to "resources/public/js/client.js" in 1.27 seconds.[0m
notifying browser that file changed:  resources/public/js/todomvc/events.js
Compiling build :client to "resources/public/js/client.js" from ["src" "../../src"]...
[32mSuccessfully compiled build :client to "resources/public/js/client.js" in 2.413 seconds.[0m
notifying browser that file changed:  resources/public/js/todomvc/db.js
Compiling build :client to "resources/public/js/client.js" from ["src" "../../src"]...
[32mSuccessfully compiled build :client to "resources/public/js/client.js" in 2.819 seconds.[0m
notifying browser that file changed:  resources/public/js/todomvc/subs.js
Compiling build :client to "resources/public/js/client.js" from ["src" "../../src"]...
[32mSuccessfully compiled build :client to "resources/public/js/client.js" in 3.087 seconds.[0m
notifying browser that file changed:  resources/public/js/todomvc/subs.js
Compiling build :client to "resources/public/js/client.js" from ["src" "../../src"]...
[32mSuccessfully compiled build :client to "resources/public/js/client.js" in 1.8 seconds.[0m
notifying browser that file changed:  resources/public/js/todomvc/subs.js
Compiling build :client to "resources/public/js/client.js" from ["src" "../../src"]...
[32mSuccessfully compiled build :client to "resources/public/js/client.js" in 1.36 seconds.[0m
notifying browser that file changed:  resources/public/js/todomvc/subs.js
Compiling build :client to "resources/public/js/client.js" from ["src" "../../src"]...
[32mSuccessfully compiled build :client to "resources/public/js/client.js" in 2.519 seconds.[0m
notifying browser that file changed:  resources/public/js/todomvc/subs.js
Compiling build :client to "resources/public/js/client.js" from ["src" "../../src"]...
[32mSuccessfully compiled build :client to "resources/public/js/client.js" in 2.626 seconds.[0m
notifying browser that file changed:  resources/public/js/todomvc/subs.js
Compiling build :client to "resources/public/js/client.js" from ["src" "../../src"]...
[32mSuccessfully compiled build :client to "resources/public/js/client.js" in 1.726 seconds.[0m
notifying browser that file changed:  resources/public/js/todomvc/subs.js
Compiling build :client to "resources/public/js/client.js" from ["src" "../../src"]...
[32mSuccessfully compiled build :client to "resources/public/js/client.js" in 1.374 seconds.[0m
notifying browser that file changed:  resources/public/js/todomvc/subs.js
Compiling build :client to "resources/public/js/client.js" from ["src" "../../src"]...
[32mSuccessfully compiled build :client to "resources/public/js/client.js" in 3.383 seconds.[0m
notifying browser that file changed:  resources/public/js/todomvc/subs.js
Compiling build :client to "resources/public/js/client.js" from ["src" "../../src"]...
[32mSuccessfully compiled build :client to "resources/public/js/client.js" in 1.632 seconds.[0m
notifying browser that file changed:  resources/public/js/todomvc/subs.js
Compiling build :client to "resources/public/js/client.js" from ["src" "../../src"]...
[32mSuccessfully compiled build :client to "resources/public/js/client.js" in 1.413 seconds.[0m
notifying browser that file changed:  resources/public/js/todomvc/subs.js
Compiling build :client to "resources/public/js/client.js" from ["src" "../../src"]...
[32mSuccessfully compiled build :client to "resources/public/js/client.js" in 1.934 seconds.[0m
notifying browser that file changed:  resources/public/js/todomvc/subs.js
Compiling build :client to "resources/public/js/client.js" from ["src" "../../src"]...
[32mSuccessfully compiled build :client to "resources/public/js/client.js" in 2.357 seconds.[0m
notifying browser that file changed:  resources/public/js/todomvc/subs.js
Compiling build :client to "resources/public/js/client.js" from ["src" "../../src"]...
[32mSuccessfully compiled build :client to "resources/public/js/client.js" in 2.836 seconds.[0m
notifying browser that file changed:  resources/public/js/todomvc/core.js
Compiling build :client to "resources/public/js/client.js" from ["src" "../../src"]...
[32mSuccessfully compiled build :client to "resources/public/js/client.js" in 1.536 seconds.[0m
notifying browser that file changed:  resources/public/js/todomvc/core.js
Compiling build :client to "resources/public/js/client.js" from ["src" "../../src"]...
[32mSuccessfully compiled build :client to "resources/public/js/client.js" in 2.434 seconds.[0m
notifying browser that file changed:  resources/public/js/todomvc/core.js
Compiling build :client to "resources/public/js/client.js" from ["src" "../../src"]...
[32mSuccessfully compiled build :client to "resources/public/js/client.js" in 3.184 seconds.[0m
notifying browser that file changed:  resources/public/js/todomvc/db.js
Compiling build :client to "resources/public/js/client.js" from ["src" "../../src"]...
[32mSuccessfully compiled build :client to "resources/public/js/client.js" in 2.213 seconds.[0m
notifying browser that file changed:  resources/public/js/todomvc/db.js
Compiling build :client to "resources/public/js/client.js" from ["src" "../../src"]...
[32mSuccessfully compiled build :client to "resources/public/js/client.js" in 2.545 seconds.[0m
notifying browser that file changed:  resources/public/js/todomvc/views.js
Compiling build :client to "resources/public/js/client.js" from ["src" "../../src"]...
[32mSuccessfully compiled build :client to "resources/public/js/client.js" in 2.23 seconds.[0m
notifying browser that file changed:  resources/public/js/todomvc/views.js
Compiling build :client to "resources/public/js/client.js" from ["src" "../../src"]...
[36m----  Compiler Warning on   src/todomvc/views.cljs   line:40  column:37  ----[0m

  [1mUse of undeclared Var todomvc.views/tag-editing[0m

  [36m36[0m  [36m [:label[0m
  [36m37[0m  [36m  {:on-double-click #(reset! editing true)}[0m
  [36m38[0m  [36m  title][0m
  [36m39[0m  [36m [:label[0m
  [33m40[0m  [1m  {:on-double-click #(reset! tag-editing true)}[0m
  [0m  [0m  [33m                             ^--- Use of undeclared Var todomvc.views/tag-editing[0m
  [36m41[0m  [36m  title][0m
  [36m42[0m  [36m [:button.destroy[0m
  [36m43[0m  [36m  {:on-click #(dispatch [:delete-todo id])}]][0m
  [36m44[0m  [36m(when @editing[0m
  [36m45[0m  [36m  [todo-input[0m

[36m----  Compiler Warning : Please see src/todomvc/views.cljs  ----[0m
[32mSuccessfully compiled build :client to "resources/public/js/client.js" in 5.42 seconds.[0m
notifying browser that file changed:  resources/public/js/goog/deps.js
notifying browser that file changed:  resources/public/js/cljs_deps.js
notifying browser that file changed:  resources/public/js/todomvc/views.js
Compiling build :client to "resources/public/js/client.js" from ["src" "../../src"]...
[36m----  Compiler Warning on   src/todomvc/views.cljs   line:41  column:37  ----[0m

  [1mUse of undeclared Var todomvc.views/tag-editing[0m

  [36m37[0m  [36m [:label[0m
  [36m38[0m  [36m  {:on-double-click #(reset! editing true)}[0m
  [36m39[0m  [36m  title][0m
  [36m40[0m  [36m [:label[0m
  [33m41[0m  [1m  {:on-double-click #(reset! tag-editing true)}[0m
  [0m  [0m  [33m                             ^--- Use of undeclared Var todomvc.views/tag-editing[0m
  [36m42[0m  [36m  title][0m
  [36m43[0m  [36m [:button.destroy[0m
  [36m44[0m  [36m  {:on-click #(dispatch [:delete-todo id])}]][0m
  [36m45[0m  [36m(when @editing[0m
  [36m46[0m  [36m  [todo-input[0m

[36m----  Compiler Warning : Please see src/todomvc/views.cljs  ----[0m
[32mSuccessfully compiled build :client to "resources/public/js/client.js" in 4.276 seconds.[0m
notifying browser that file changed:  resources/public/js/todomvc/views.js
Compiling build :client to "resources/public/js/client.js" from ["src" "../../src"]...
[32mSuccessfully compiled build :client to "resources/public/js/client.js" in 3.677 seconds.[0m
notifying browser that file changed:  resources/public/js/todomvc/views.js
Compiling build :client to "resources/public/js/client.js" from ["src" "../../src"]...
[32mSuccessfully compiled build :client to "resources/public/js/client.js" in 2.876 seconds.[0m
notifying browser that file changed:  resources/public/js/todomvc/views.js
Compiling build :client to "resources/public/js/client.js" from ["src" "../../src"]...
[32mSuccessfully compiled build :client to "resources/public/js/client.js" in 4.118 seconds.[0m
notifying browser that file changed:  resources/public/js/todomvc/db.js
Compiling build :client to "resources/public/js/client.js" from ["src" "../../src"]...
[32mSuccessfully compiled build :client to "resources/public/js/client.js" in 3.515 seconds.[0m
notifying browser that file changed:  resources/public/js/todomvc/db.js
Compiling build :client to "resources/public/js/client.js" from ["src" "../../src"]...
[32mSuccessfully compiled build :client to "resources/public/js/client.js" in 3.692 seconds.[0m
notifying browser that file changed:  resources/public/js/todomvc/db.js
Compiling build :client to "resources/public/js/client.js" from ["src" "../../src"]...
[32mSuccessfully compiled build :client to "resources/public/js/client.js" in 3.781 seconds.[0m
notifying browser that file changed:  resources/public/js/todomvc/views.js
Compiling build :client to "resources/public/js/client.js" from ["src" "../../src"]...
[32mSuccessfully compiled build :client to "resources/public/js/client.js" in 3.338 seconds.[0m
notifying browser that file changed:  resources/public/js/todomvc/views.js
Compiling build :client to "resources/public/js/client.js" from ["src" "../../src"]...
[32mSuccessfully compiled build :client to "resources/public/js/client.js" in 2.856 seconds.[0m
notifying browser that file changed:  resources/public/js/todomvc/views.js
Compiling build :client to "resources/public/js/client.js" from ["src" "../../src"]...
[32mSuccessfully compiled build :client to "resources/public/js/client.js" in 2.971 seconds.[0m
notifying browser that file changed:  resources/public/js/todomvc/views.js
Compiling build :client to "resources/public/js/client.js" from ["src" "../../src"]...
[32mSuccessfully compiled build :client to "resources/public/js/client.js" in 3.949 seconds.[0m
notifying browser that file changed:  resources/public/js/todomvc/db.js
Compiling build :client to "resources/public/js/client.js" from ["src" "../../src"]...
[32mSuccessfully compiled build :client to "resources/public/js/client.js" in 3.523 seconds.[0m
notifying browser that file changed:  resources/public/js/todomvc/db.js
Compiling build :client to "resources/public/js/client.js" from ["src" "../../src"]...
[32mSuccessfully compiled build :client to "resources/public/js/client.js" in 3.263 seconds.[0m
notifying browser that file changed:  resources/public/js/todomvc/db.js
Compiling build :client to "resources/public/js/client.js" from ["src" "../../src"]...
[32mSuccessfully compiled build :client to "resources/public/js/client.js" in 2.935 seconds.[0m
notifying browser that file changed:  resources/public/js/todomvc/db.js
Compiling build :client to "resources/public/js/client.js" from ["src" "../../src"]...
[32mSuccessfully compiled build :client to "resources/public/js/client.js" in 3.766 seconds.[0m
notifying browser that file changed:  resources/public/js/todomvc/events.js
Compiling build :client to "resources/public/js/client.js" from ["src" "../../src"]...
[31mFailed to compile build :client from ["src" "../../src"] in 2.385 seconds.[0m
[36m----  Could not Read  src/todomvc/events.cljs   line:203 ----[0m

  [1m/run/media/andrew/6D3CD7876D7722E4/Home/WorkAndHobby/Programming/reframe/re-frame/examples/todomvc/src/todomvc/events.cljs [line 203, col 25] Invalid keyword: :.[0m

  [36m201[0m  [36m todo-interceptors[0m
  [36m202[0m  [36m (fn [todos [_ id tag]][0m
  [33m203[0m  [1m   (assoc-in todos [id :] title)))[0m
  [0m   [0m  [33m   /run/media/andrew/6D3CD7876D7722E4/Home/WorkAndHobby/Programming/reframe/re-frame/examples/todomvc/src/todomvc/events.cljs [line 203, col 25] Invalid keyword: :.[0m
  [36m204[0m  [36m[0m
  [36m205[0m  [36m(reg-event-db[0m
  [36m206[0m  [36m :delete-todo[0m

[36m----  Reader Error : Please see src/todomvc/events.cljs  ----[0m
Compiling build :client to "resources/public/js/client.js" from ["src" "../../src"]...
[36m----  Compiler Warning on   src/todomvc/events.cljs   line:203  column:30  ----[0m

  [1mUse of undeclared Var todomvc.events/title[0m

  [36m199[0m  [36m(reg-event-db[0m
  [36m200[0m  [36m :save-tag[0m
  [36m201[0m  [36m todo-interceptors[0m
  [36m202[0m  [36m (fn [todos [_ id tag]][0m
  [33m203[0m  [1m   (assoc-in todos [id :tag] title)))[0m
  [0m   [0m  [33m                             ^--- Use of undeclared Var todomvc.events/title[0m
  [36m204[0m  [36m[0m
  [36m205[0m  [36m(reg-event-db[0m
  [36m206[0m  [36m :delete-todo[0m
  [36m207[0m  [36m todo-interceptors[0m
  [36m208[0m  [36m (fn [todos [_ id]][0m

[36m----  Compiler Warning : Please see src/todomvc/events.cljs  ----[0m
[32mSuccessfully compiled build :client to "resources/public/js/client.js" in 3.656 seconds.[0m
notifying browser that file changed:  resources/public/js/todomvc/events.js
Compiling build :client to "resources/public/js/client.js" from ["src" "../../src"]...
[32mSuccessfully compiled build :client to "resources/public/js/client.js" in 4.038 seconds.[0m
notifying browser that file changed:  resources/public/js/todomvc/events.js
Compiling build :client to "resources/public/js/client.js" from ["src" "../../src"]...
[32mSuccessfully compiled build :client to "resources/public/js/client.js" in 2.696 seconds.[0m
notifying browser that file changed:  resources/public/js/todomvc/events.js
Compiling build :client to "resources/public/js/client.js" from ["src" "../../src"]...
[32mSuccessfully compiled build :client to "resources/public/js/client.js" in 3.818 seconds.[0m
notifying browser that file changed:  resources/public/js/todomvc/views.js
Compiling build :client to "resources/public/js/client.js" from ["src" "../../src"]...
[31mFailed to compile build :client from ["src" "../../src"] in 2.402 seconds.[0m
[36m----  Could not Read  src/todomvc/views.cljs   line:51 ----[0m

  [1m/run/media/andrew/6D3CD7876D7722E4/Home/WorkAndHobby/Programming/reframe/re-frame/examples/todomvc/src/todomvc/views.cljs [line 51, col 53] Unmatched delimiter ).[0m

  [36m49[0m  [36m    :on-save[0m
  [36m50[0m  [36m                (dispatch [:save id %])[0m
  [33m51[0m  [1m                (dispatch [:delete-todo id]))[0m
  [0m  [0m  [33m                /run/media/andrew/6D3CD7876D7722E4/Home/WorkAndHobby/Programming/reframe/re-frame/examples/todomvc/src/todomvc/views.cljs [line 51, col 53] Unmatched delimiter ).[0m
  [36m52[0m  [36m    :on-stop #(reset! editing false)}])[0m
  [36m53[0m  [36m(when @editing[0m
  [36m54[0m  [36m  [todo-input[0m

[36m----  Reader Error : Please see src/todomvc/views.cljs  ----[0m
Compiling build :client to "resources/public/js/client.js" from ["src" "../../src"]...
[36m----  Compiler Warning on   src/todomvc/views.cljs   line:50  column:32  ----[0m

  [1mUse of undeclared Var todomvc.views/%[0m

  [36m46[0m  [36m  [todo-input[0m
  [36m47[0m  [36m   {:class "edit"[0m
  [36m48[0m  [36m    :title tag[0m
  [36m49[0m  [36m    :on-save[0m
  [33m50[0m  [1m    (dispatch [:save id %])[0m
  [0m  [0m  [33m                        ^--- Use of undeclared Var todomvc.views/%[0m
  [36m51[0m  [36m    :on-stop #(reset! editing false)}])[0m
  [36m52[0m  [36m(when @editing[0m
  [36m53[0m  [36m  [todo-input[0m
  [36m54[0m  [36m   {:class "edit"[0m
  [36m55[0m  [36m    :title title[0m

[36m----  Compiler Warning : Please see src/todomvc/views.cljs  ----[0m
[32mSuccessfully compiled build :client to "resources/public/js/client.js" in 4.247 seconds.[0m
notifying browser that file changed:  resources/public/js/todomvc/views.js
Compiling build :client to "resources/public/js/client.js" from ["src" "../../src"]...
[32mSuccessfully compiled build :client to "resources/public/js/client.js" in 3.275 seconds.[0m
notifying browser that file changed:  resources/public/js/todomvc/views.js
Compiling build :client to "resources/public/js/client.js" from ["src" "../../src"]...
[32mSuccessfully compiled build :client to "resources/public/js/client.js" in 2.834 seconds.[0m
notifying browser that file changed:  resources/public/js/todomvc/views.js
Compiling build :client to "resources/public/js/client.js" from ["src" "../../src"]...
[32mSuccessfully compiled build :client to "resources/public/js/client.js" in 4.294 seconds.[0m
notifying browser that file changed:  resources/public/js/todomvc/views.js
Compiling build :client to "resources/public/js/client.js" from ["src" "../../src"]...
[36m----  Compiler Warning on   src/todomvc/views.cljs   line:41  column:29  ----[0m

  [1mUse of undeclared Var todomvc.views/fnreset![0m

  [36m37[0m  [36m [:label[0m
  [36m38[0m  [36m  {:on-double-click #(reset! editing true)}[0m
  [36m39[0m  [36m  title][0m
  [36m40[0m  [36m [:label[0m
  [33m41[0m  [1m  {:on-double-click (fnreset! tag-editing true)}[0m
  [0m  [0m  [33m                     ^--- Use of undeclared Var todomvc.views/fnreset![0m
  [36m42[0m  [36m  tag][0m
  [36m43[0m  [36m [:button.destroy[0m
  [36m44[0m  [36m  {:on-click #(dispatch [:delete-todo id])}]][0m
  [36m45[0m  [36m(when @tag-editing[0m
  [36m46[0m  [36m  [todo-input[0m

[36m----  Compiler Warning : Please see src/todomvc/views.cljs  ----[0m
[32mSuccessfully compiled build :client to "resources/public/js/client.js" in 4.242 seconds.[0m
notifying browser that file changed:  resources/public/js/todomvc/views.js
Compiling build :client to "resources/public/js/client.js" from ["src" "../../src"]...
[32mSuccessfully compiled build :client to "resources/public/js/client.js" in 3.937 seconds.[0m
notifying browser that file changed:  resources/public/js/todomvc/views.js
Compiling build :client to "resources/public/js/client.js" from ["src" "../../src"]...
[32mSuccessfully compiled build :client to "resources/public/js/client.js" in 4.242 seconds.[0m
notifying browser that file changed:  resources/public/js/todomvc/views.js
Compiling build :client to "resources/public/js/client.js" from ["src" "../../src"]...
[31mFailed to compile build :client from ["src" "../../src"] in 3.225 seconds.[0m
[36m----  Could not Read  src/todomvc/views.cljs   line:31 ----[0m

  [1m/run/media/andrew/6D3CD7876D7722E4/Home/WorkAndHobby/Programming/reframe/re-frame/examples/todomvc/src/todomvc/views.cljs [line 31, col 57] Unmatched delimiter }.[0m

  [36m29[0m  [36m(fn [{:keys [id done title tag]}][0m
  [36m30[0m  [36m  [:li {:class (str (when done "completed ")[0m
  [33m31[0m  [1m                    (when (or @editing  "editing"))}[0m
  [0m  [0m  [33m                    /run/media/andrew/6D3CD7876D7722E4/Home/WorkAndHobby/Programming/reframe/re-frame/examples/todomvc/src/todomvc/views.cljs [line 31, col 57] Unmatched delimiter }.[0m
  [36m32[0m  [36m   [:div.view[0m
  [36m33[0m  [36m    [:input.toggle[0m
  [36m34[0m  [36m     {:type "checkbox"[0m

[36m----  Reader Error : Please see src/todomvc/views.cljs  ----[0m
Compiling build :client to "resources/public/js/client.js" from ["src" "../../src"]...
[32mSuccessfully compiled build :client to "resources/public/js/client.js" in 3.902 seconds.[0m
notifying browser that file changed:  resources/public/js/todomvc/views.js
Compiling build :client to "resources/public/js/client.js" from ["src" "../../src"]...
[32mSuccessfully compiled build :client to "resources/public/js/client.js" in 4.079 seconds.[0m
notifying browser that file changed:  resources/public/js/todomvc/views.js
Compiling build :client to "resources/public/js/client.js" from ["src" "../../src"]...
[32mSuccessfully compiled build :client to "resources/public/js/client.js" in 3.525 seconds.[0m
notifying browser that file changed:  resources/public/js/todomvc/views.js
Compiling build :client to "resources/public/js/client.js" from ["src" "../../src"]...
[32mSuccessfully compiled build :client to "resources/public/js/client.js" in 2.209 seconds.[0m
notifying browser that file changed:  resources/public/js/todomvc/views.js
Compiling build :client to "resources/public/js/client.js" from ["src" "../../src"]...
[32mSuccessfully compiled build :client to "resources/public/js/client.js" in 3.403 seconds.[0m
notifying browser that file changed:  resources/public/js/todomvc/views.js
Compiling build :client to "resources/public/js/client.js" from ["src" "../../src"]...
[32mSuccessfully compiled build :client to "resources/public/js/client.js" in 4.167 seconds.[0m
notifying browser that file changed:  resources/public/js/todomvc/views.js
Compiling build :client to "resources/public/js/client.js" from ["src" "../../src"]...
[31mFailed to compile build :client from ["src" "../../src"] in 2.327 seconds.[0m
[36m----  Could not Read  src/todomvc/views.cljs   line:45 ----[0m

  [1m/run/media/andrew/6D3CD7876D7722E4/Home/WorkAndHobby/Programming/reframe/re-frame/examples/todomvc/src/todomvc/views.cljs [line 45, col 57] The map literal starting with :class on line 41 column 10 contains 3 form(s). Map literals must contain an even number of forms.[0m

  [36m43[0m  [36m     :on-double-click (fn [][0m
  [36m44[0m  [36m                     (println "double click")[0m
  [33m45[0m  [1m                     (reset! tag-editing true))}[0m
  [0m  [0m  [33m                     /run/media/andrew/6D3CD7876D7722E4/Home/WorkAndHobby/Programming/reframe/re-frame/examples/todomvc/src/todomvc/views.cljs [line 45, col 57] The map literal starting with :class on line 41 column 10 contains 3 form(s). Map literals must contain an even number of forms.[0m
  [36m46[0m  [36m tag][0m
  [36m47[0m  [36m[:button.destroy[0m
  [36m48[0m  [36m {:on-click #(dispatch [:delete-todo id])}]][0m

[36m----  Reader Error : Please see src/todomvc/views.cljs  ----[0m
Compiling build :client to "resources/public/js/client.js" from ["src" "../../src"]...
[32mSuccessfully compiled build :client to "resources/public/js/client.js" in 35.826 seconds.[0m
notifying browser that file changed:  resources/public/js/todomvc/views.js
Compiling build :client to "resources/public/js/client.js" from ["src" "../../src"]...
[32mSuccessfully compiled build :client to "resources/public/js/client.js" in 3.487 seconds.[0m
notifying browser that file changed:  resources/public/js/todomvc/views.js
Compiling build :client to "resources/public/js/client.js" from ["src" "../../src"]...
[32mSuccessfully compiled build :client to "resources/public/js/client.js" in 3.646 seconds.[0m
notifying browser that file changed:  resources/public/js/todomvc/views.js
Compiling build :client to "resources/public/js/client.js" from ["src" "../../src"]...
[32mSuccessfully compiled build :client to "resources/public/js/client.js" in 3.008 seconds.[0m
notifying browser that file changed:  resources/public/js/todomvc/db.js
Compiling build :client to "resources/public/js/client.js" from ["src" "../../src"]...
[32mSuccessfully compiled build :client to "resources/public/js/client.js" in 3.828 seconds.[0m
notifying browser that file changed:  resources/public/js/cljs_deps.js
notifying browser that file changed:  resources/public/js/todomvc/db.js
Compiling build :client to "resources/public/js/client.js" from ["src" "../../src"]...
[31mFailed to compile build :client from ["src" "../../src"] in 2.599 seconds.[0m
[36m----  Could not Read  src/todomvc/events.cljs   line:229 ----[0m

  [1m/run/media/andrew/6D3CD7876D7722E4/Home/WorkAndHobby/Programming/reframe/re-frame/examples/todomvc/src/todomvc/events.cljs [line 229, col 1] Unexpected EOF while reading item 6 of list, starting at line 199 and column 1.[0m

[36m----  Reader Error : Please see src/todomvc/events.cljs  ----[0m
Compiling build :client to "resources/public/js/client.js" from ["src" "../../src"]...
[31mFailed to compile build :client from ["src" "../../src"] in 2.919 seconds.[0m
[36m----  Could not Read  src/todomvc/events.cljs   line:229 ----[0m

  [1m/run/media/andrew/6D3CD7876D7722E4/Home/WorkAndHobby/Programming/reframe/re-frame/examples/todomvc/src/todomvc/events.cljs [line 229, col 1] Unexpected EOF while reading item 6 of list, starting at line 199 and column 1.[0m

[36m----  Reader Error : Please see src/todomvc/events.cljs  ----[0m
Compiling build :client to "resources/public/js/client.js" from ["src" "../../src"]...
[31mFailed to compile build :client from ["src" "../../src"] in 2.577 seconds.[0m
[36m----  Could not Read  src/todomvc/events.cljs   line:229 ----[0m

  [1m/run/media/andrew/6D3CD7876D7722E4/Home/WorkAndHobby/Programming/reframe/re-frame/examples/todomvc/src/todomvc/events.cljs [line 229, col 1] Unexpected EOF while reading item 6 of list, starting at line 199 and column 1.[0m

[36m----  Reader Error : Please see src/todomvc/events.cljs  ----[0m
Compiling build :client to "resources/public/js/client.js" from ["src" "../../src"]...
[31mFailed to compile build :client from ["src" "../../src"] in 2.753 seconds.[0m
[36m----  Could not Read  src/todomvc/events.cljs   line:229 ----[0m

  [1m/run/media/andrew/6D3CD7876D7722E4/Home/WorkAndHobby/Programming/reframe/re-frame/examples/todomvc/src/todomvc/events.cljs [line 229, col 1] Unexpected EOF while reading item 5 of list, starting at line 201 and column 26.[0m

[36m----  Reader Error : Please see src/todomvc/events.cljs  ----[0m
Compiling build :client to "resources/public/js/client.js" from ["src" "../../src"]...
[32mSuccessfully compiled build :client to "resources/public/js/client.js" in 4.156 seconds.[0m
notifying browser that file changed:  resources/public/js/todomvc/events.js
Compiling build :client to "resources/public/js/client.js" from ["src" "../../src"]...
[36m----  Compiler Warning on   src/todomvc/events.cljs   line:203  column:14  ----[0m

  [1mUse of undeclared Var todomvc.events/todos[0m

  [36m199[0m  [36m(reg-event-db[0m
  [36m200[0m  [36m :save-tag[0m
  [36m201[0m  [36m[0m
  [36m202[0m  [36m (fn [db [_ id tag]][0m
  [33m203[0m  [1m   (assoc-in todos [id :tag] tag)))[0m
  [0m   [0m  [33m             ^--- Use of undeclared Var todomvc.events/todos[0m
  [36m204[0m  [36m[0m
  [36m205[0m  [36m(reg-event-db[0m
  [36m206[0m  [36m :delete-todo[0m
  [36m207[0m  [36m todo-interceptors[0m
  [36m208[0m  [36m (fn [todos [_ id]][0m

[36m----  Compiler Warning : Please see src/todomvc/events.cljs  ----[0m
[32mSuccessfully compiled build :client to "resources/public/js/client.js" in 4.754 seconds.[0m
notifying browser that file changed:  resources/public/js/todomvc/events.js
Compiling build :client to "resources/public/js/client.js" from ["src" "../../src"]...
[36m----  Compiler Warning on   src/todomvc/events.cljs   line:203  column:18  ----[0m

  [1mUse of undeclared Var todomvc.events/todos[0m

  [36m199[0m  [36m(reg-event-db[0m
  [36m200[0m  [36m :save-tag[0m
  [36m201[0m  [36m[0m
  [36m202[0m  [36m (fn [db [_ id tag]][0m
  [33m203[0m  [1m   (assoc-in db [todos id :tag] tag)))[0m
  [0m   [0m  [33m                 ^--- Use of undeclared Var todomvc.events/todos[0m
  [36m204[0m  [36m[0m
  [36m205[0m  [36m(reg-event-db[0m
  [36m206[0m  [36m :delete-todo[0m
  [36m207[0m  [36m todo-interceptors[0m
  [36m208[0m  [36m (fn [todos [_ id]][0m

[36m----  Compiler Warning : Please see src/todomvc/events.cljs  ----[0m
[32mSuccessfully compiled build :client to "resources/public/js/client.js" in 4.697 seconds.[0m
notifying browser that file changed:  resources/public/js/todomvc/events.js
Compiling build :client to "resources/public/js/client.js" from ["src" "../../src"]...
[32mSuccessfully compiled build :client to "resources/public/js/client.js" in 2.173 seconds.[0m
notifying browser that file changed:  resources/public/js/todomvc/events.js
Compiling build :client to "resources/public/js/client.js" from ["src" "../../src"]...
[32mSuccessfully compiled build :client to "resources/public/js/client.js" in 3.043 seconds.[0m
notifying browser that file changed:  resources/public/js/todomvc/events.js
Compiling build :client to "resources/public/js/client.js" from ["src" "../../src"]...
[32mSuccessfully compiled build :client to "resources/public/js/client.js" in 4.494 seconds.[0m
notifying browser that file changed:  resources/public/js/todomvc/events.js
Compiling build :client to "resources/public/js/client.js" from ["src" "../../src"]...
[31mFailed to compile build :client from ["src" "../../src"] in 2.36 seconds.[0m
[36m----  Could not Read  src/todomvc/events.cljs   line:205 ----[0m

  [1m/run/media/andrew/6D3CD7876D7722E4/Home/WorkAndHobby/Programming/reframe/re-frame/examples/todomvc/src/todomvc/events.cljs [line 205, col 5] Unmatched delimiter ).[0m

  [36m203[0m  [36m   (->> (assoc-in db [:todos id :tag] tag)[0m
  [36m204[0m  [36m   (assoc-in [:showing tag[0m
  [33m205[0m  [1m   )[0m
  [0m   [0m  [33m   /run/media/andrew/6D3CD7876D7722E4/Home/WorkAndHobby/Programming/reframe/re-frame/examples/todomvc/src/todomvc/events.cljs [line 205, col 5] Unmatched delimiter ).[0m
  [36m206[0m  [36m   ))[0m
  [36m207[0m  [36m[0m
  [36m208[0m  [36m(reg-event-db[0m

[36m----  Reader Error : Please see src/todomvc/events.cljs  ----[0m
Compiling build :client to "resources/public/js/client.js" from ["src" "../../src"]...
[32mSuccessfully compiled build :client to "resources/public/js/client.js" in 4.927 seconds.[0m
notifying browser that file changed:  resources/public/js/todomvc/events.js
Compiling build :client to "resources/public/js/client.js" from ["src" "../../src"]...
[32mSuccessfully compiled build :client to "resources/public/js/client.js" in 4.624 seconds.[0m
notifying browser that file changed:  resources/public/js/todomvc/events.js
Compiling build :client to "resources/public/js/client.js" from ["src" "../../src"]...
[32mSuccessfully compiled build :client to "resources/public/js/client.js" in 3.067 seconds.[0m
notifying browser that file changed:  resources/public/js/todomvc/events.js
Compiling build :client to "resources/public/js/client.js" from ["src" "../../src"]...
[32mSuccessfully compiled build :client to "resources/public/js/client.js" in 3.085 seconds.[0m
notifying browser that file changed:  resources/public/js/todomvc/events.js
Compiling build :client to "resources/public/js/client.js" from ["src" "../../src"]...
[36m----  Compiler Warning on   src/todomvc/db.cljs   line:31  column:3  ----[0m

  [1mUse of undeclared Var todomvc.db/key?[0m

  [36m27[0m  [36m                #(instance? PersistentTreeMap %)           
  [36m28[0m  [36m))[0m
  [36m29[0m  [36m[0m
  [36m30[0m  [36m(s/def ::showing                                            
  [33m31[0m  [1m  key?)[0m
  [0m  [0m  [33m  ^--- Use of undeclared Var todomvc.db/key?[0m
  [36m32[0m  [36m(s/def ::db (s/keys :req-un [::todos ::showing]))[0m
  [36m33[0m  [36m[0m
  [36m34[0m  [36m
  [36m35[0m  [36m
  [36m36[0m  [36m

[36m----  Compiler Warning : Please see src/todomvc/db.cljs  ----[0m
[32mSuccessfully compiled build :client to "resources/public/js/client.js" in 5.039 seconds.[0m
notifying browser that file changed:  resources/public/js/todomvc/db.js
Compiling build :client to "resources/public/js/client.js" from ["src" "../../src"]...
[32mSuccessfully compiled build :client to "resources/public/js/client.js" in 5.231 seconds.[0m
notifying browser that file changed:  resources/public/js/todomvc/db.js
Compiling build :client to "resources/public/js/client.js" from ["src" "../../src"]...
[32mSuccessfully compiled build :client to "resources/public/js/client.js" in 4.685 seconds.[0m
notifying browser that file changed:  resources/public/js/todomvc/db.js
Compiling build :client to "resources/public/js/client.js" from ["src" "../../src"]...
[32mSuccessfully compiled build :client to "resources/public/js/client.js" in 2.654 seconds.[0m
notifying browser that file changed:  resources/public/js/todomvc/db.js
Compiling build :client to "resources/public/js/client.js" from ["src" "../../src"]...
[32mSuccessfully compiled build :client to "resources/public/js/client.js" in 4.258 seconds.[0m
notifying browser that file changed:  resources/public/js/todomvc/db.js
Compiling build :client to "resources/public/js/client.js" from ["src" "../../src"]...
[32mSuccessfully compiled build :client to "resources/public/js/client.js" in 3.748 seconds.[0m
notifying browser that file changed:  resources/public/js/todomvc/db.js
notifying browser that file changed:  resources/public/js/todomvc/events.js
notifying browser that file changed:  resources/public/js/todomvc/subs.js
notifying browser that file changed:  resources/public/js/todomvc/core.js
Compiling build :client to "resources/public/js/client.js" from ["src" "../../src"]...
[32mSuccessfully compiled build :client to "resources/public/js/client.js" in 5.508 seconds.[0m
notifying browser that file changed:  resources/public/js/todomvc/db.js
notifying browser that file changed:  resources/public/js/todomvc/events.js
Compiling build :client to "resources/public/js/client.js" from ["src" "../../src"]...
[32mSuccessfully compiled build :client to "resources/public/js/client.js" in 3.873 seconds.[0m
notifying browser that file changed:  resources/public/js/todomvc/db.js
Compiling build :client to "resources/public/js/client.js" from ["src" "../../src"]...
[32mSuccessfully compiled build :client to "resources/public/js/client.js" in 3.293 seconds.[0m
notifying browser that file changed:  resources/public/js/todomvc/events.js
Compiling build :client to "resources/public/js/client.js" from ["src" "../../src"]...
[32mSuccessfully compiled build :client to "resources/public/js/client.js" in 4.572 seconds.[0m
notifying browser that file changed:  resources/public/js/todomvc/events.js
Compiling build :client to "resources/public/js/client.js" from ["src" "../../src"]...
[32mSuccessfully compiled build :client to "resources/public/js/client.js" in 3.68 seconds.[0m
notifying browser that file changed:  resources/public/js/todomvc/events.js
Compiling build :client to "resources/public/js/client.js" from ["src" "../../src"]...
[32mSuccessfully compiled build :client to "resources/public/js/client.js" in 3.204 seconds.[0m
notifying browser that file changed:  resources/public/js/todomvc/subs.js
Compiling build :client to "resources/public/js/client.js" from ["src" "../../src"]...
[32mSuccessfully compiled build :client to "resources/public/js/client.js" in 3.348 seconds.[0m
notifying browser that file changed:  resources/public/js/todomvc/subs.js
Compiling build :client to "resources/public/js/client.js" from ["src" "../../src"]...
[32mSuccessfully compiled build :client to "resources/public/js/client.js" in 3.315 seconds.[0m
notifying browser that file changed:  resources/public/js/todomvc/db.js
Compiling build :client to "resources/public/js/client.js" from ["src" "../../src"]...
[32mSuccessfully compiled build :client to "resources/public/js/client.js" in 4.681 seconds.[0m
notifying browser that file changed:  resources/public/js/todomvc/events.js
Compiling build :client to "resources/public/js/client.js" from ["src" "../../src"]...
[32mSuccessfully compiled build :client to "resources/public/js/client.js" in 3.318 seconds.[0m
notifying browser that file changed:  resources/public/js/todomvc/subs.js
Compiling build :client to "resources/public/js/client.js" from ["src" "../../src"]...
[32mSuccessfully compiled build :client to "resources/public/js/client.js" in 3.357 seconds.[0m
notifying browser that file changed:  resources/public/js/todomvc/subs.js
Compiling build :client to "resources/public/js/client.js" from ["src" "../../src"]...
[32mSuccessfully compiled build :client to "resources/public/js/client.js" in 3.826 seconds.[0m
notifying browser that file changed:  resources/public/js/todomvc/subs.js
Compiling build :client to "resources/public/js/client.js" from ["src" "../../src"]...
[32mSuccessfully compiled build :client to "resources/public/js/client.js" in 3.14 seconds.[0m
notifying browser that file changed:  resources/public/js/todomvc/subs.js
Compiling build :client to "resources/public/js/client.js" from ["src" "../../src"]...
[32mSuccessfully compiled build :client to "resources/public/js/client.js" in 3.211 seconds.[0m
notifying browser that file changed:  resources/public/js/todomvc/subs.js
Compiling build :client to "resources/public/js/client.js" from ["src" "../../src"]...
[32mSuccessfully compiled build :client to "resources/public/js/client.js" in 3.631 seconds.[0m
notifying browser that file changed:  resources/public/js/todomvc/views.js
Compiling build :client to "resources/public/js/client.js" from ["src" "../../src"]...
[31mFailed to compile build :client from ["src" "../../src"] in 2.065 seconds.[0m
[36m----  Could not Read  src/todomvc/views.cljs   line:95 ----[0m

  [1m/run/media/andrew/6D3CD7876D7722E4/Home/WorkAndHobby/Programming/reframe/re-frame/examples/todomvc/src/todomvc/views.cljs [line 95, col 8] Unmatched delimiter ].[0m

  [36m93[0m  [36m [:li (a-fn :done   "Completed")][0m
  [36m94[0m  [36m (for tag tags[0m
  [33m95[0m  [1m ][0m
  [0m  [0m  [33m /run/media/andrew/6D3CD7876D7722E4/Home/WorkAndHobby/Programming/reframe/re-frame/examples/todomvc/src/todomvc/views.cljs [line 95, col 8] Unmatched delimiter ].[0m
  [36m96[0m  [36m(when (pos? done)[0m
  [36m97[0m  [36m  [:button#clear-completed {:on-click #(dispatch [:clear-completed])}[0m
  [36m98[0m  [36m   "Clear completed"])]))[0m

[36m----  Reader Error : Please see src/todomvc/views.cljs  ----[0m
Compiling build :client to "resources/public/js/client.js" from ["src" "../../src"]...
[31mFailed to compile build :client from ["src" "../../src"] in 2.402 seconds.[0m
[36m----  Could not Read  src/todomvc/views.cljs   line:96 ----[0m

  [1m/run/media/andrew/6D3CD7876D7722E4/Home/WorkAndHobby/Programming/reframe/re-frame/examples/todomvc/src/todomvc/views.cljs [line 96, col 12] Unmatched delimiter ).[0m

  [36m94[0m  [36m (for [tag tags][0m
  [36m95[0m  [36m     ^{{:key (:id tag)} [:li (a-fn tag tag)][0m
  [33m96[0m  [1m     )[0m
  [0m  [0m  [33m     /run/media/andrew/6D3CD7876D7722E4/Home/WorkAndHobby/Programming/reframe/re-frame/examples/todomvc/src/todomvc/views.cljs [line 96, col 12] Unmatched delimiter ).[0m
  [36m97[0m  [36m ][0m
  [36m98[0m  [36m(when (pos? done)[0m
  [36m99[0m  [36m  [:button#clear-completed {:on-click #(dispatch [:clear-completed])}[0m

[36m----  Reader Error : Please see src/todomvc/views.cljs  ----[0m
Compiling build :client to "resources/public/js/client.js" from ["src" "../../src"]...
[32mSuccessfully compiled build :client to "resources/public/js/client.js" in 2.751 seconds.[0m
notifying browser that file changed:  resources/public/js/todomvc/views.js
Compiling build :client to "resources/public/js/client.js" from ["src" "../../src"]...
[32mSuccessfully compiled build :client to "resources/public/js/client.js" in 3.667 seconds.[0m
notifying browser that file changed:  resources/public/js/todomvc/views.js
Compiling build :client to "resources/public/js/client.js" from ["src" "../../src"]...
[32mSuccessfully compiled build :client to "resources/public/js/client.js" in 3.154 seconds.[0m
notifying browser that file changed:  resources/public/js/todomvc/views.js
Compiling build :client to "resources/public/js/client.js" from ["src" "../../src"]...
[32mSuccessfully compiled build :client to "resources/public/js/client.js" in 2.939 seconds.[0m
notifying browser that file changed:  resources/public/js/todomvc/views.js
Compiling build :client to "resources/public/js/client.js" from ["src" "../../src"]...
[32mSuccessfully compiled build :client to "resources/public/js/client.js" in 1.987 seconds.[0m
notifying browser that file changed:  resources/public/js/todomvc/views.js
Compiling build :client to "resources/public/js/client.js" from ["src" "../../src"]...
[32mSuccessfully compiled build :client to "resources/public/js/client.js" in 3.692 seconds.[0m
notifying browser that file changed:  resources/public/js/todomvc/views.js
Compiling build :client to "resources/public/js/client.js" from ["src" "../../src"]...
[32mSuccessfully compiled build :client to "resources/public/js/client.js" in 3.68 seconds.[0m
notifying browser that file changed:  resources/public/js/todomvc/views.js
Compiling build :client to "resources/public/js/client.js" from ["src" "../../src"]...
[32mSuccessfully compiled build :client to "resources/public/js/client.js" in 3.271 seconds.[0m
notifying browser that file changed:  resources/public/js/todomvc/views.js
Compiling build :client to "resources/public/js/client.js" from ["src" "../../src"]...
[32mSuccessfully compiled build :client to "resources/public/js/client.js" in 1.971 seconds.[0m
notifying browser that file changed:  resources/public/js/todomvc/views.js
Compiling build :client to "resources/public/js/client.js" from ["src" "../../src"]...
[32mSuccessfully compiled build :client to "resources/public/js/client.js" in 3.416 seconds.[0m
notifying browser that file changed:  resources/public/js/cljs_deps.js
notifying browser that file changed:  resources/public/js/todomvc/views.js
Compiling build :client to "resources/public/js/client.js" from ["src" "../../src"]...
[31mFailed to compile build :client from ["src" "../../src"] in 1.954 seconds.[0m
[36m----  Could not Analyze  src/todomvc/views.cljs   line:94  column:7  ----[0m

  [1mWrong number of args (3) passed to: cljs.core/for[0m

  [36m92[0m  [36m [:li (a-fn :active "Active")][0m
  [36m93[0m  [36m [:li (a-fn :done   "Completed")][0m
  [33m94[0m  [1m (for [tag tags][0m
  [0m  [0m  [33m ^--- Wrong number of args (3) passed to: cljs.core/for[0m
  [36m95[0m  [36m   (println tag)[0m
  [36m96[0m  [36m   [:li (a-fn tag tag)])][0m
  [36m97[0m  [36m(when (pos? done)[0m

[36m----  Analysis Error : Please see src/todomvc/views.cljs  ----[0m
Compiling build :client to "resources/public/js/client.js" from ["src" "../../src"]...
[31mFailed to compile build :client from ["src" "../../src"] in 2.114 seconds.[0m
[36m----  Could not Read  src/todomvc/views.cljs   line:96 ----[0m

  [1m/run/media/andrew/6D3CD7876D7722E4/Home/WorkAndHobby/Programming/reframe/re-frame/examples/todomvc/src/todomvc/views.cljs [line 96, col 31] Unmatched delimiter ].[0m

  [36m94[0m  [36m (for [tag tags][0m
  [36m95[0m  [36m   (do (println tag)[0m
  [33m96[0m  [1m   [:li (a-fn tag tag)])][0m
  [0m  [0m  [33m   /run/media/andrew/6D3CD7876D7722E4/Home/WorkAndHobby/Programming/reframe/re-frame/examples/todomvc/src/todomvc/views.cljs [line 96, col 31] Unmatched delimiter ].[0m
  [36m97[0m  [36m(when (pos? done)[0m
  [36m98[0m  [36m  [:button#clear-completed {:on-click #(dispatch [:clear-completed])}[0m
  [36m99[0m  [36m   "Clear completed"])]))[0m

[36m----  Reader Error : Please see src/todomvc/views.cljs  ----[0m
Compiling build :client to "resources/public/js/client.js" from ["src" "../../src"]...
[32mSuccessfully compiled build :client to "resources/public/js/client.js" in 3.248 seconds.[0m
notifying browser that file changed:  resources/public/js/todomvc/views.js
Compiling build :client to "resources/public/js/client.js" from ["src" "../../src"]...
[31mFailed to compile build :client from ["src" "../../src"] in 2.238 seconds.[0m
[36m----  Could not Read  src/todomvc/views.cljs   line:97 ----[0m

  [1m/run/media/andrew/6D3CD7876D7722E4/Home/WorkAndHobby/Programming/reframe/re-frame/examples/todomvc/src/todomvc/views.cljs [line 97, col 36] Unmatched delimiter ].[0m

  [36m 95[0m  [36m   (do (println tag)[0m
  [36m 96[0m  [36m       (if tag[0m
  [33m 97[0m  [1m       [:li (a-fn tag tag)]))][0m
  [0m   [0m  [33m       /run/media/andrew/6D3CD7876D7722E4/Home/WorkAndHobby/Programming/reframe/re-frame/examples/todomvc/src/todomvc/views.cljs [line 97, col 36] Unmatched delimiter ].[0m
  [36m 98[0m  [36m(when (pos? done)[0m
  [36m 99[0m  [36m  [:button#clear-completed {:on-click #(dispatch [:clear-completed])}[0m
  [36m100[0m  [36m   "Clear completed"])]))[0m

[36m----  Reader Error : Please see src/todomvc/views.cljs  ----[0m
Compiling build :client to "resources/public/js/client.js" from ["src" "../../src"]...
[32mSuccessfully compiled build :client to "resources/public/js/client.js" in 2.976 seconds.[0m
notifying browser that file changed:  resources/public/js/todomvc/views.js
Compiling build :client to "resources/public/js/client.js" from ["src" "../../src"]...
[31mFailed to compile build :client from ["src" "../../src"] in 2.261 seconds.[0m
[36m----  Could not Read  src/todomvc/subs.cljs   line:67 ----[0m

  [1m/run/media/andrew/6D3CD7876D7722E4/Home/WorkAndHobby/Programming/reframe/re-frame/examples/todomvc/src/todomvc/subs.cljs [line 67, col 1] Unexpected EOF while reading item 8 of list, starting at line 43 and column 1.[0m

[36m----  Reader Error : Please see src/todomvc/subs.cljs  ----[0m
Compiling build :client to "resources/public/js/client.js" from ["src" "../../src"]...
[36m----  Compiler Warning on   src/todomvc/subs.cljs   line:47  column:10  ----[0m

  [1mWrong number of args (1) passed to cljs.core/get-in[0m

  [36m43[0m  [36m(reg-sub[0m
  [36m44[0m  [36m :tags[0m
  [36m45[0m  [36m :<- [:todos][0m
  [36m46[0m  [36m (fn [[todos] _][0m
  [33m47[0m  [1m   (map #(get-in [:tag]) todos)))[0m
  [0m  [0m  [33m         ^--- Wrong number of args (1) passed to cljs.core/get-in[0m
  [36m48[0m  [36m[0m
  [36m49[0m  [36m(reg-sub[0m
  [36m50[0m  [36m :all-complete?[0m
  [36m51[0m  [36m :<- [:todos][0m
  [36m52[0m  [36m (fn [todos _][0m

[36m----  Compiler Warning : Please see src/todomvc/subs.cljs  ----[0m
[32mSuccessfully compiled build :client to "resources/public/js/client.js" in 2.778 seconds.[0m
notifying browser that file changed:  resources/public/js/todomvc/subs.js
Compiling build :client to "resources/public/js/client.js" from ["src" "../../src"]...
[32mSuccessfully compiled build :client to "resources/public/js/client.js" in 3.859 seconds.[0m
notifying browser that file changed:  resources/public/js/todomvc/subs.js
Compiling build :client to "resources/public/js/client.js" from ["src" "../../src"]...
[32mSuccessfully compiled build :client to "resources/public/js/client.js" in 3.913 seconds.[0m
notifying browser that file changed:  resources/public/js/todomvc/subs.js
Compiling build :client to "resources/public/js/client.js" from ["src" "../../src"]...
[36m----  Compiler Warning on   src/todomvc/subs.cljs   line:47  column:10  ----[0m

  [1mWrong number of args (1) passed to cljs.core/get-in[0m

  [36m43[0m  [36m(reg-sub[0m
  [36m44[0m  [36m :tags[0m
  [36m45[0m  [36m :<- [:todos][0m
  [36m46[0m  [36m (fn [[todos] _][0m
  [33m47[0m  [1m   (map #(get-in [:todo :tag]) todos)))[0m
  [0m  [0m  [33m         ^--- Wrong number of args (1) passed to cljs.core/get-in[0m
  [36m48[0m  [36m[0m
  [36m49[0m  [36m(reg-sub[0m
  [36m50[0m  [36m :all-complete?[0m
  [36m51[0m  [36m :<- [:todos][0m
  [36m52[0m  [36m (fn [todos _][0m

[36m----  Compiler Warning : Please see src/todomvc/subs.cljs  ----[0m
[32mSuccessfully compiled build :client to "resources/public/js/client.js" in 3.794 seconds.[0m
notifying browser that file changed:  resources/public/js/todomvc/subs.js
Compiling build :client to "resources/public/js/client.js" from ["src" "../../src"]...
[36m----  Compiler Warning on   src/todomvc/subs.cljs   line:47  column:10  ----[0m

  [1mWrong number of args (1) passed to cljs.core/get-in[0m

  [36m43[0m  [36m(reg-sub[0m
  [36m44[0m  [36m :tags[0m
  [36m45[0m  [36m :<- [:todos][0m
  [36m46[0m  [36m (fn [[todos] _][0m
  [33m47[0m  [1m   (map #(get-in [:todo :tag]) todos)))[0m
  [0m  [0m  [33m         ^--- Wrong number of args (1) passed to cljs.core/get-in[0m
  [36m48[0m  [36m[0m
  [36m49[0m  [36m(reg-sub[0m
  [36m50[0m  [36m :all-complete?[0m
  [36m51[0m  [36m :<- [:todos][0m
  [36m52[0m  [36m (fn [todos _][0m

[36m----  Compiler Warning : Please see src/todomvc/subs.cljs  ----[0m
[32mSuccessfully compiled build :client to "resources/public/js/client.js" in 4.123 seconds.[0m
notifying browser that file changed:  resources/public/js/todomvc/subs.js
Compiling build :client to "resources/public/js/client.js" from ["src" "../../src"]...
[32mSuccessfully compiled build :client to "resources/public/js/client.js" in 3.685 seconds.[0m
notifying browser that file changed:  resources/public/js/todomvc/subs.js
Compiling build :client to "resources/public/js/client.js" from ["src" "../../src"]...
[32mSuccessfully compiled build :client to "resources/public/js/client.js" in 2.218 seconds.[0m
notifying browser that file changed:  resources/public/js/todomvc/subs.js
Compiling build :client to "resources/public/js/client.js" from ["src" "../../src"]...
[32mSuccessfully compiled build :client to "resources/public/js/client.js" in 3.092 seconds.[0m
notifying browser that file changed:  resources/public/js/todomvc/subs.js
Compiling build :client to "resources/public/js/client.js" from ["src" "../../src"]...
[32mSuccessfully compiled build :client to "resources/public/js/client.js" in 2.867 seconds.[0m
notifying browser that file changed:  resources/public/js/todomvc/subs.js
Compiling build :client to "resources/public/js/client.js" from ["src" "../../src"]...
[32mSuccessfully compiled build :client to "resources/public/js/client.js" in 2.772 seconds.[0m
notifying browser that file changed:  resources/public/js/todomvc/subs.js
Compiling build :client to "resources/public/js/client.js" from ["src" "../../src"]...
[32mSuccessfully compiled build :client to "resources/public/js/client.js" in 3.636 seconds.[0m
notifying browser that file changed:  resources/public/js/todomvc/subs.js
Compiling build :client to "resources/public/js/client.js" from ["src" "../../src"]...
[32mSuccessfully compiled build :client to "resources/public/js/client.js" in 3.79 seconds.[0m
notifying browser that file changed:  resources/public/js/todomvc/subs.js
Compiling build :client to "resources/public/js/client.js" from ["src" "../../src"]...
[32mSuccessfully compiled build :client to "resources/public/js/client.js" in 3.54 seconds.[0m
notifying browser that file changed:  resources/public/js/todomvc/subs.js
Compiling build :client to "resources/public/js/client.js" from ["src" "../../src"]...
[32mSuccessfully compiled build :client to "resources/public/js/client.js" in 3.035 seconds.[0m
notifying browser that file changed:  resources/public/js/todomvc/subs.js
Compiling build :client to "resources/public/js/client.js" from ["src" "../../src"]...
[32mSuccessfully compiled build :client to "resources/public/js/client.js" in 2.778 seconds.[0m
notifying browser that file changed:  resources/public/js/todomvc/subs.js
Compiling build :client to "resources/public/js/client.js" from ["src" "../../src"]...
[32mSuccessfully compiled build :client to "resources/public/js/client.js" in 3.478 seconds.[0m
notifying browser that file changed:  resources/public/js/todomvc/subs.js
Compiling build :client to "resources/public/js/client.js" from ["src" "../../src"]...
[31mFailed to compile build :client from ["src" "../../src"] in 2.34 seconds.[0m
[36m----  Could not Read  src/todomvc/subs.cljs   line:49 ----[0m

  [1m/run/media/andrew/6D3CD7876D7722E4/Home/WorkAndHobby/Programming/reframe/re-frame/examples/todomvc/src/todomvc/subs.cljs [line 49, col 41] Unmatched delimiter ).[0m

  [36m47[0m  [36m   (println "WTF")[0m
  [36m48[0m  [36m   (println todos)[0m
  [33m49[0m  [1m   (map #(get-in % [:todo :tag]) todos)))[0m
  [0m  [0m  [33m   /run/media/andrew/6D3CD7876D7722E4/Home/WorkAndHobby/Programming/reframe/re-frame/examples/todomvc/src/todomvc/subs.cljs [line 49, col 41] Unmatched delimiter ).[0m
  [36m50[0m  [36m[0m
  [36m51[0m  [36m(reg-sub[0m
  [36m52[0m  [36m :all-complete?[0m

[36m----  Reader Error : Please see src/todomvc/subs.cljs  ----[0m
Compiling build :client to "resources/public/js/client.js" from ["src" "../../src"]...
[32mSuccessfully compiled build :client to "resources/public/js/client.js" in 3.466 seconds.[0m
notifying browser that file changed:  resources/public/js/todomvc/subs.js
Compiling build :client to "resources/public/js/client.js" from ["src" "../../src"]...
[32mSuccessfully compiled build :client to "resources/public/js/client.js" in 4.182 seconds.[0m
notifying browser that file changed:  resources/public/js/todomvc/subs.js
Compiling build :client to "resources/public/js/client.js" from ["src" "../../src"]...
[32mSuccessfully compiled build :client to "resources/public/js/client.js" in 3.642 seconds.[0m
notifying browser that file changed:  resources/public/js/todomvc/subs.js
Compiling build :client to "resources/public/js/client.js" from ["src" "../../src"]...
[31mFailed to compile build :client from ["src" "../../src"] in 2.417 seconds.[0m
[36m----  Could not Read  src/todomvc/subs.cljs   line:49 ----[0m

  [1m/run/media/andrew/6D3CD7876D7722E4/Home/WorkAndHobby/Programming/reframe/re-frame/examples/todomvc/src/todomvc/subs.cljs [line 49, col 31] Unmatched delimiter ).[0m

  [36m47[0m  [36m   (println "WTF")[0m
  [36m48[0m  [36m   (println todos)[0m
  [33m49[0m  [1m   (map [:todo :tag]) todos)))[0m
  [0m  [0m  [33m   /run/media/andrew/6D3CD7876D7722E4/Home/WorkAndHobby/Programming/reframe/re-frame/examples/todomvc/src/todomvc/subs.cljs [line 49, col 31] Unmatched delimiter ).[0m
  [36m50[0m  [36m[0m
  [36m51[0m  [36m(reg-sub[0m
  [36m52[0m  [36m :all-complete?[0m

[36m----  Reader Error : Please see src/todomvc/subs.cljs  ----[0m
Compiling build :client to "resources/public/js/client.js" from ["src" "../../src"]...
[32mSuccessfully compiled build :client to "resources/public/js/client.js" in 3.554 seconds.[0m
notifying browser that file changed:  resources/public/js/todomvc/subs.js
Compiling build :client to "resources/public/js/client.js" from ["src" "../../src"]...
[32mSuccessfully compiled build :client to "resources/public/js/client.js" in 4.075 seconds.[0m
notifying browser that file changed:  resources/public/js/todomvc/subs.js
Compiling build :client to "resources/public/js/client.js" from ["src" "../../src"]...
[32mSuccessfully compiled build :client to "resources/public/js/client.js" in 3.919 seconds.[0m
notifying browser that file changed:  resources/public/js/todomvc/subs.js
Compiling build :client to "resources/public/js/client.js" from ["src" "../../src"]...
[31mFailed to compile build :client from ["src" "../../src"] in 2.575 seconds.[0m
[36m----  Could not Read  src/todomvc/subs.cljs   line:49 ----[0m

  [1m/run/media/andrew/6D3CD7876D7722E4/Home/WorkAndHobby/Programming/reframe/re-frame/examples/todomvc/src/todomvc/subs.cljs [line 49, col 14] Unmatched delimiter ].[0m

  [36m47[0m  [36m   (println "WTF")[0m
  [36m48[0m  [36m   (println todos)[0m
  [33m49[0m  [1m   (map :tag] todos)))[0m
  [0m  [0m  [33m   /run/media/andrew/6D3CD7876D7722E4/Home/WorkAndHobby/Programming/reframe/re-frame/examples/todomvc/src/todomvc/subs.cljs [line 49, col 14] Unmatched delimiter ].[0m
  [36m50[0m  [36m[0m
  [36m51[0m  [36m(reg-sub[0m
  [36m52[0m  [36m :all-complete?[0m

[36m----  Reader Error : Please see src/todomvc/subs.cljs  ----[0m
Compiling build :client to "resources/public/js/client.js" from ["src" "../../src"]...
[31mFailed to compile build :client from ["src" "../../src"] in 2.503 seconds.[0m
[36m----  Could not Read  src/todomvc/subs.cljs   line:49 ----[0m

  [1m/run/media/andrew/6D3CD7876D7722E4/Home/WorkAndHobby/Programming/reframe/re-frame/examples/todomvc/src/todomvc/subs.cljs [line 49, col 14] Unmatched delimiter ].[0m

  [36m47[0m  [36m   (println "WTF")[0m
  [36m48[0m  [36m   (println todos)[0m
  [33m49[0m  [1m   (map :tag] todos)))[0m
  [0m  [0m  [33m   /run/media/andrew/6D3CD7876D7722E4/Home/WorkAndHobby/Programming/reframe/re-frame/examples/todomvc/src/todomvc/subs.cljs [line 49, col 14] Unmatched delimiter ].[0m
  [36m50[0m  [36m[0m
  [36m51[0m  [36m(reg-sub[0m
  [36m52[0m  [36m :all-complete?[0m

[36m----  Reader Error : Please see src/todomvc/subs.cljs  ----[0m
Compiling build :client to "resources/public/js/client.js" from ["src" "../../src"]...
[31mFailed to compile build :client from ["src" "../../src"] in 2.791 seconds.[0m
[36m----  Could not Read  src/todomvc/subs.cljs   line:49 ----[0m

  [1m/run/media/andrew/6D3CD7876D7722E4/Home/WorkAndHobby/Programming/reframe/re-frame/examples/todomvc/src/todomvc/subs.cljs [line 49, col 14] Unmatched delimiter ].[0m

  [36m47[0m  [36m   (println "WTF")[0m
  [36m48[0m  [36m   (println todos)[0m
  [33m49[0m  [1m   (map :tag] todos)))[0m
  [0m  [0m  [33m   /run/media/andrew/6D3CD7876D7722E4/Home/WorkAndHobby/Programming/reframe/re-frame/examples/todomvc/src/todomvc/subs.cljs [line 49, col 14] Unmatched delimiter ].[0m
  [36m50[0m  [36m[0m
  [36m51[0m  [36m(reg-sub[0m
  [36m52[0m  [36m :all-complete?[0m

[36m----  Reader Error : Please see src/todomvc/subs.cljs  ----[0m
Compiling build :client to "resources/public/js/client.js" from ["src" "../../src"]...
[32mSuccessfully compiled build :client to "resources/public/js/client.js" in 3.926 seconds.[0m
notifying browser that file changed:  resources/public/js/todomvc/subs.js
Compiling build :client to "resources/public/js/client.js" from ["src" "../../src"]...
[32mSuccessfully compiled build :client to "resources/public/js/client.js" in 4.103 seconds.[0m
notifying browser that file changed:  resources/public/js/todomvc/subs.js
Compiling build :client to "resources/public/js/client.js" from ["src" "../../src"]...
[32mSuccessfully compiled build :client to "resources/public/js/client.js" in 2.511 seconds.[0m
notifying browser that file changed:  resources/public/js/todomvc/subs.js
Compiling build :client to "resources/public/js/client.js" from ["src" "../../src"]...
[32mSuccessfully compiled build :client to "resources/public/js/client.js" in 4.089 seconds.[0m
notifying browser that file changed:  resources/public/js/todomvc/views.js
Compiling build :client to "resources/public/js/client.js" from ["src" "../../src"]...
[32mSuccessfully compiled build :client to "resources/public/js/client.js" in 4.03 seconds.[0m
notifying browser that file changed:  resources/public/js/todomvc/views.js
Compiling build :client to "resources/public/js/client.js" from ["src" "../../src"]...
[32mSuccessfully compiled build :client to "resources/public/js/client.js" in 2.998 seconds.[0m
notifying browser that file changed:  resources/public/js/todomvc/views.js
Compiling build :client to "resources/public/js/client.js" from ["src" "../../src"]...
[31mFailed to compile build :client from ["src" "../../src"] in 2.383 seconds.[0m
[36m----  Could not Read  src/todomvc/views.cljs   line:96 ----[0m

  [1m/run/media/andrew/6D3CD7876D7722E4/Home/WorkAndHobby/Programming/reframe/re-frame/examples/todomvc/src/todomvc/views.cljs [line 96, col 56] Unmatched delimiter ).[0m

  [36m94[0m  [36m (for [tag tags][0m
  [36m95[0m  [36m       (if tag[0m
  [33m96[0m  [1m         ^{:key (:id tag)} [:li (a-fn tag tag)])))][0m
  [0m  [0m  [33m         /run/media/andrew/6D3CD7876D7722E4/Home/WorkAndHobby/Programming/reframe/re-frame/examples/todomvc/src/todomvc/views.cljs [line 96, col 56] Unmatched delimiter ).[0m
  [36m97[0m  [36m(when (pos? done)[0m
  [36m98[0m  [36m  [:button#clear-completed {:on-click #(dispatch [:clear-completed])}[0m
  [36m99[0m  [36m   "Clear completed"])]))[0m

[36m----  Reader Error : Please see src/todomvc/views.cljs  ----[0m
Compiling build :client to "resources/public/js/client.js" from ["src" "../../src"]...
[32mSuccessfully compiled build :client to "resources/public/js/client.js" in 2.998 seconds.[0m
notifying browser that file changed:  resources/public/js/todomvc/views.js
Compiling build :client to "resources/public/js/client.js" from ["src" "../../src"]...
[32mSuccessfully compiled build :client to "resources/public/js/client.js" in 3.609 seconds.[0m
notifying browser that file changed:  resources/public/js/todomvc/subs.js
Compiling build :client to "resources/public/js/client.js" from ["src" "../../src"]...
[31mFailed to compile build :client from ["src" "../../src"] in 2.492 seconds.[0m
[36m----  Could not Analyze  src/todomvc/subs.cljs   line:33  column:1  ----[0m

  [1mFirst argument to defn must be a symbol[0m

  [36m31[0m  [36m                                                (filter filter-fn todos))))[0m
  [36m32[0m  [36m[0m
  [33m33[0m  [1m(defn [todo])[0m
  [0m  [0m  [33m^--- First argument to defn must be a symbol[0m
  [36m34[0m  [36m#_(reg-sub[0m
  [36m35[0m  [36m   :visible-todos[0m
  [36m36[0m  [36m   :<- [:todos][0m

[36m----  Analysis Error : Please see src/todomvc/subs.cljs  ----[0m
Compiling build :client to "resources/public/js/client.js" from ["src" "../../src"]...
[31mFailed to compile build :client from ["src" "../../src"] in 2.288 seconds.[0m
[36m----  Could not Analyze  src/todomvc/subs.cljs   line:33  column:1  ----[0m

  [1mFirst argument to defn must be a symbol[0m

  [36m31[0m  [36m                                                (filter filter-fn todos))))[0m
  [36m32[0m  [36m[0m
  [33m33[0m  [1m(defn [todo])[0m
  [0m  [0m  [33m^--- First argument to defn must be a symbol[0m
  [36m34[0m  [36m#_(reg-sub[0m
  [36m35[0m  [36m   :visible-todos[0m
  [36m36[0m  [36m   :<- [:todos][0m

[36m----  Analysis Error : Please see src/todomvc/subs.cljs  ----[0m
Compiling build :client to "resources/public/js/client.js" from ["src" "../../src"]...
[32mSuccessfully compiled build :client to "resources/public/js/client.js" in 2.98 seconds.[0m
notifying browser that file changed:  resources/public/js/todomvc/subs.js
Compiling build :client to "resources/public/js/client.js" from ["src" "../../src"]...
[32mSuccessfully compiled build :client to "resources/public/js/client.js" in 2.906 seconds.[0m
notifying browser that file changed:  resources/public/js/todomvc/subs.js
Compiling build :client to "resources/public/js/client.js" from ["src" "../../src"]...
[32mSuccessfully compiled build :client to "resources/public/js/client.js" in 3.218 seconds.[0m
notifying browser that file changed:  resources/public/js/todomvc/subs.js
Compiling build :client to "resources/public/js/client.js" from ["src" "../../src"]...
[32mSuccessfully compiled build :client to "resources/public/js/client.js" in 3.819 seconds.[0m
notifying browser that file changed:  resources/public/js/todomvc/subs.js
Compiling build :client to "resources/public/js/client.js" from ["src" "../../src"]...
[32mSuccessfully compiled build :client to "resources/public/js/client.js" in 2.71 seconds.[0m
notifying browser that file changed:  resources/public/js/todomvc/subs.js
Compiling build :client to "resources/public/js/client.js" from ["src" "../../src"]...
[32mSuccessfully compiled build :client to "resources/public/js/client.js" in 1.829 seconds.[0m
notifying browser that file changed:  resources/public/js/todomvc/subs.js
Compiling build :client to "resources/public/js/client.js" from ["src" "../../src"]...
[32mSuccessfully compiled build :client to "resources/public/js/client.js" in 3.11 seconds.[0m
notifying browser that file changed:  resources/public/js/todomvc/subs.js
Compiling build :client to "resources/public/js/client.js" from ["src" "../../src"]...
[32mSuccessfully compiled build :client to "resources/public/js/client.js" in 2.928 seconds.[0m
notifying browser that file changed:  resources/public/js/todomvc/subs.js
Compiling build :client to "resources/public/js/client.js" from ["src" "../../src"]...
[32mSuccessfully compiled build :client to "resources/public/js/client.js" in 2.931 seconds.[0m
notifying browser that file changed:  resources/public/js/todomvc/subs.js
Compiling build :client to "resources/public/js/client.js" from ["src" "../../src"]...
[32mSuccessfully compiled build :client to "resources/public/js/client.js" in 2.734 seconds.[0m
notifying browser that file changed:  resources/public/js/todomvc/subs.js
Compiling build :client to "resources/public/js/client.js" from ["src" "../../src"]...
[36m----  Compiler Warning on   src/todomvc/subs.cljs   line:43  column:42  ----[0m

  [1mUse of undeclared Var todomvc.subs/%[0m

  [36m39[0m  [36m   (let [filter-fn (case showing[0m
  [36m40[0m  [36m                     :active (complement :done)[0m
  [36m41[0m  [36m                     :done   :done[0m
  [36m42[0m  [36m                     :all    identity[0m
  [33m43[0m  [1m                     (fn [todo] (= (:tag %) showing)))][0m
  [0m  [0m  [33m                                         ^--- Use of undeclared Var todomvc.subs/%[0m
  [36m44[0m  [36m     (filter filter-fn todos))))[0m
  [36m45[0m  [36m(reg-sub[0m
  [36m46[0m  [36m :tags[0m
  [36m47[0m  [36m :<- [:todos][0m
  [36m48[0m  [36m (fn [todos _][0m

[36m----  Compiler Warning : Please see src/todomvc/subs.cljs  ----[0m
[32mSuccessfully compiled build :client to "resources/public/js/client.js" in 2.954 seconds.[0m
notifying browser that file changed:  resources/public/js/todomvc/subs.js
Compiling build :client to "resources/public/js/client.js" from ["src" "../../src"]...
[32mSuccessfully compiled build :client to "resources/public/js/client.js" in 3.586 seconds.[0m
notifying browser that file changed:  resources/public/js/todomvc/subs.js
Compiling build :client to "resources/public/js/client.js" from ["src" "../../src"]...
[32mSuccessfully compiled build :client to "resources/public/js/client.js" in 3.861 seconds.[0m
notifying browser that file changed:  resources/public/js/todomvc/subs.js
Compiling build :client to "resources/public/js/client.js" from ["src" "../../src"]...
[32mSuccessfully compiled build :client to "resources/public/js/client.js" in 3.981 seconds.[0m
notifying browser that file changed:  resources/public/js/todomvc/subs.js
Compiling build :client to "resources/public/js/client.js" from ["src" "../../src"]...
[32mSuccessfully compiled build :client to "resources/public/js/client.js" in 3.974 seconds.[0m
notifying browser that file changed:  resources/public/js/todomvc/subs.js
Compiling build :client to "resources/public/js/client.js" from ["src" "../../src"]...
[32mSuccessfully compiled build :client to "resources/public/js/client.js" in 3.353 seconds.[0m
notifying browser that file changed:  resources/public/js/todomvc/subs.js
Compiling build :client to "resources/public/js/client.js" from ["src" "../../src"]...
[32mSuccessfully compiled build :client to "resources/public/js/client.js" in 2.241 seconds.[0m
notifying browser that file changed:  resources/public/js/todomvc/subs.js
Compiling build :client to "resources/public/js/client.js" from ["src" "../../src"]...
[32mSuccessfully compiled build :client to "resources/public/js/client.js" in 3.262 seconds.[0m
notifying browser that file changed:  resources/public/js/todomvc/subs.js
Compiling build :client to "resources/public/js/client.js" from ["src" "../../src"]...
[32mSuccessfully compiled build :client to "resources/public/js/client.js" in 2.687 seconds.[0m
notifying browser that file changed:  resources/public/js/todomvc/subs.js
Compiling build :client to "resources/public/js/client.js" from ["src" "../../src"]...
[32mSuccessfully compiled build :client to "resources/public/js/client.js" in 3.599 seconds.[0m
notifying browser that file changed:  resources/public/js/todomvc/subs.js
Compiling build :client to "resources/public/js/client.js" from ["src" "../../src"]...
[32mSuccessfully compiled build :client to "resources/public/js/client.js" in 3.557 seconds.[0m
notifying browser that file changed:  resources/public/js/todomvc/subs.js
Compiling build :client to "resources/public/js/client.js" from ["src" "../../src"]...
[32mSuccessfully compiled build :client to "resources/public/js/client.js" in 2.723 seconds.[0m
notifying browser that file changed:  resources/public/js/todomvc/subs.js
Compiling build :client to "resources/public/js/client.js" from ["src" "../../src"]...
[32mSuccessfully compiled build :client to "resources/public/js/client.js" in 3.648 seconds.[0m
notifying browser that file changed:  resources/public/js/todomvc/subs.js
Compiling build :client to "resources/public/js/client.js" from ["src" "../../src"]...
[31mFailed to compile build :client from ["src" "../../src"] in 2.524 seconds.[0m
[36m----  Could not Read  src/todomvc/subs.cljs   line:46 ----[0m

  [1m/run/media/andrew/6D3CD7876D7722E4/Home/WorkAndHobby/Programming/reframe/re-frame/examples/todomvc/src/todomvc/subs.cljs [line 46, col 56] Unmatched delimiter ].[0m

  [36m44[0m  [36m                       (println todo)[0m
  [36m45[0m  [36m                       (println showing)[0m
  [33m46[0m  [1m                       (= (:tag todo) (name showing)))][0m
  [0m  [0m  [33m                       /run/media/andrew/6D3CD7876D7722E4/Home/WorkAndHobby/Programming/reframe/re-frame/examples/todomvc/src/todomvc/subs.cljs [line 46, col 56] Unmatched delimiter ].[0m
  [36m47[0m  [36m     (filter filter-fn todos))))[0m
  [36m48[0m  [36m(reg-sub[0m
  [36m49[0m  [36m :tags[0m

[36m----  Reader Error : Please see src/todomvc/subs.cljs  ----[0m
Compiling build :client to "resources/public/js/client.js" from ["src" "../../src"]...
[32mSuccessfully compiled build :client to "resources/public/js/client.js" in 3.147 seconds.[0m
notifying browser that file changed:  resources/public/js/todomvc/subs.js
Compiling build :client to "resources/public/js/client.js" from ["src" "../../src"]...
[31mFailed to compile build :client from ["src" "../../src"] in 2.559 seconds.[0m
[36m----  Could not Read  src/todomvc/subs.cljs   line:46 ----[0m

  [1m/run/media/andrew/6D3CD7876D7722E4/Home/WorkAndHobby/Programming/reframe/re-frame/examples/todomvc/src/todomvc/subs.cljs [line 46, col 57] Unmatched delimiter ].[0m

  [36m44[0m  [36m                       (println (:tag todo)[0m
  [36m45[0m  [36m                       (println showing)[0m
  [33m46[0m  [1m                       (= (:tag todo) (name showing))))][0m
  [0m  [0m  [33m                       /run/media/andrew/6D3CD7876D7722E4/Home/WorkAndHobby/Programming/reframe/re-frame/examples/todomvc/src/todomvc/subs.cljs [line 46, col 57] Unmatched delimiter ].[0m
  [36m47[0m  [36m     (filter filter-fn todos))))[0m
  [36m48[0m  [36m(reg-sub[0m
  [36m49[0m  [36m :tags[0m

[36m----  Reader Error : Please see src/todomvc/subs.cljs  ----[0m
Compiling build :client to "resources/public/js/client.js" from ["src" "../../src"]...
[32mSuccessfully compiled build :client to "resources/public/js/client.js" in 3.764 seconds.[0m
notifying browser that file changed:  resources/public/js/todomvc/subs.js
Compiling build :client to "resources/public/js/client.js" from ["src" "../../src"]...
[32mSuccessfully compiled build :client to "resources/public/js/client.js" in 3.645 seconds.[0m
notifying browser that file changed:  resources/public/js/todomvc/subs.js
Compiling build :client to "resources/public/js/client.js" from ["src" "../../src"]...
[32mSuccessfully compiled build :client to "resources/public/js/client.js" in 3.936 seconds.[0m
notifying browser that file changed:  resources/public/js/todomvc/subs.js
Compiling build :client to "resources/public/js/client.js" from ["src" "../../src"]...
[32mSuccessfully compiled build :client to "resources/public/js/client.js" in 3.678 seconds.[0m
notifying browser that file changed:  resources/public/js/todomvc/subs.js
Compiling build :client to "resources/public/js/client.js" from ["src" "../../src"]...
[32mSuccessfully compiled build :client to "resources/public/js/client.js" in 2.308 seconds.[0m
notifying browser that file changed:  resources/public/js/todomvc/subs.js
Compiling build :client to "resources/public/js/client.js" from ["src" "../../src"]...
[32mSuccessfully compiled build :client to "resources/public/js/client.js" in 2.813 seconds.[0m
notifying browser that file changed:  resources/public/js/todomvc/subs.js
Compiling build :client to "resources/public/js/client.js" from ["src" "../../src"]...
[32mSuccessfully compiled build :client to "resources/public/js/client.js" in 2.787 seconds.[0m
notifying browser that file changed:  resources/public/js/todomvc/subs.js
Compiling build :client to "resources/public/js/client.js" from ["src" "../../src"]...
[31mFailed to compile build :client from ["src" "../../src"] in 2.093 seconds.[0m
[36m----  Could not Read  src/todomvc/subs.cljs   line:71 ----[0m

  [1m/run/media/andrew/6D3CD7876D7722E4/Home/WorkAndHobby/Programming/reframe/re-frame/examples/todomvc/src/todomvc/subs.cljs [line 71, col 1] Unexpected EOF while reading item 7 of list, starting at line 46 and column 1.[0m

[36m----  Reader Error : Please see src/todomvc/subs.cljs  ----[0m
Compiling build :client to "resources/public/js/client.js" from ["src" "../../src"]...
[31mFailed to compile build :client from ["src" "../../src"] in 2.139 seconds.[0m
[36m----  Could not Read  src/todomvc/subs.cljs   line:71 ----[0m

  [1m/run/media/andrew/6D3CD7876D7722E4/Home/WorkAndHobby/Programming/reframe/re-frame/examples/todomvc/src/todomvc/subs.cljs [line 71, col 1] Unexpected EOF while reading item 8 of list, starting at line 46 and column 1.[0m

[36m----  Reader Error : Please see src/todomvc/subs.cljs  ----[0m
Compiling build :client to "resources/public/js/client.js" from ["src" "../../src"]...
[31mFailed to compile build :client from ["src" "../../src"] in 1.982 seconds.[0m
[36m----  Could not Read  src/todomvc/subs.cljs   line:73 ----[0m

  [1m/run/media/andrew/6D3CD7876D7722E4/Home/WorkAndHobby/Programming/reframe/re-frame/examples/todomvc/src/todomvc/subs.cljs [line 73, col 1] Unexpected EOF while reading item 8 of list, starting at line 47 and column 1.[0m

[36m----  Reader Error : Please see src/todomvc/subs.cljs  ----[0m
Compiling build :client to "resources/public/js/client.js" from ["src" "../../src"]...
[32mSuccessfully compiled build :client to "resources/public/js/client.js" in 11.477 seconds.[0m
notifying browser that file changed:  resources/public/js/goog/deps.js
notifying browser that file changed:  resources/public/js/cljs_deps.js
notifying browser that file changed:  resources/public/js/todomvc/subs.js
Compiling build :client to "resources/public/js/client.js" from ["src" "../../src"]...
[32mSuccessfully compiled build :client to "resources/public/js/client.js" in 4.115 seconds.[0m
notifying browser that file changed:  resources/public/js/todomvc/subs.js
Compiling build :client to "resources/public/js/client.js" from ["src" "../../src"]...
[32mSuccessfully compiled build :client to "resources/public/js/client.js" in 3.168 seconds.[0m
notifying browser that file changed:  resources/public/js/todomvc/subs.js
